{"active":"true","level":"info","msg":"wiringpi","time":"2016-09-21T22:45:51Z"}
{"device":"/dev/spidev0.0","level":"info","msg":"spi.Open","time":"2016-09-21T22:45:51Z"}
{"level":"info","msg":"SetPinMode","time":"2016-09-21T22:45:51Z"}
{"level":"info","msg":"Reset","time":"2016-09-21T22:45:51Z"}
{"addr":"01","level":"info","msg":"Write","time":"2016-09-21T22:45:51Z","val":"0f"}
{"addr":"2a","level":"info","msg":"Write","time":"2016-09-21T22:45:51Z","val":"8d"}
{"addr":"2b","level":"info","msg":"Write","time":"2016-09-21T22:45:51Z","val":"3e"}
{"addr":"2d","level":"info","msg":"Write","time":"2016-09-21T22:45:51Z","val":"1e"}
{"addr":"2c","level":"info","msg":"Write","time":"2016-09-21T22:45:51Z","val":"00"}
{"addr":"15","level":"info","msg":"Write","time":"2016-09-21T22:45:51Z","val":"40"}
{"addr":"11","level":"info","msg":"Write","time":"2016-09-21T22:45:51Z","val":"3d"}
{"addr":"14","level":"info","msg":"Read","time":"2016-09-21T22:45:51Z","val":"80"}
{"addr":"14","level":"info","msg":"Read","time":"2016-09-21T22:45:51Z","val":"80"}
{"addr":"14","level":"info","msg":"Write","time":"2016-09-21T22:45:51Z","val":"83"}
{"level":"info","mask":"83","msg":"SetBitMask","reg":"14","time":"2016-09-21T22:45:51Z"}
{"level":"info","msg":"AntennaOn","time":"2016-09-21T22:45:51Z"}
{"level":"info","msg":"Init","time":"2016-09-21T22:45:51Z"}
{"active":"true","level":"info","msg":"mfrc522","time":"2016-09-21T22:45:51Z"}
{"interface":"0.0.0.0","level":"info","msg":"module","port":"7000","time":"2016-09-21T22:45:51Z"}
{"key":null,"level":"info","msg":"mfrc522/request","time":"2016-09-21T22:45:56Z","uid":[0,0,0,0]}
{"level":"error","msg":"Request","reqMode":"26","time":"2016-09-21T22:45:56Z"}
{"addr":"0d","level":"info","msg":"Write","time":"2016-09-21T22:45:56Z","val":"07"}
{"command":"0c","level":"info","msg":"ToCard","sendData":"26:","time":"2016-09-21T22:45:56Z"}
{"addr":"02","level":"info","msg":"Write","time":"2016-09-21T22:45:56Z","val":"f7"}
{"addr":"04","level":"info","msg":"Read","time":"2016-09-21T22:45:56Z","val":"15"}
{"addr":"04","level":"info","msg":"Write","time":"2016-09-21T22:45:56Z","val":"15"}
{"level":"info","mask":"80","mask/write":"15","msg":"ClearBitMask","reg":"04","time":"2016-09-21T22:45:56Z","value":"15","value/bitwise":"7f"}
{"addr":"0a","level":"info","msg":"Read","time":"2016-09-21T22:45:56Z","val":"00"}
{"addr":"0a","level":"info","msg":"Write","time":"2016-09-21T22:45:56Z","val":"80"}
{"level":"info","mask":"80","msg":"SetBitMask","reg":"0a","time":"2016-09-21T22:45:56Z"}
{"addr":"01","level":"info","msg":"Write","time":"2016-09-21T22:45:56Z","val":"00"}
{"addr":"09","level":"info","msg":"Write","time":"2016-09-21T22:45:56Z","val":"26"}
{"addr":"01","level":"info","msg":"Write","time":"2016-09-21T22:45:56Z","val":"0c"}
{"addr":"0d","level":"info","msg":"Read","time":"2016-09-21T22:45:56Z","val":"07"}
{"addr":"0d","level":"info","msg":"Write","time":"2016-09-21T22:45:56Z","val":"87"}
{"level":"info","mask":"87","msg":"SetBitMask","reg":"0d","time":"2016-09-21T22:45:56Z"}
{"addr":"04","level":"info","msg":"Read","time":"2016-09-21T22:45:56Z","val":"44"}
{"ErrIRq":false,"HiAlertIRq":false,"IdleIRq":false,"LoAlertIRq":true,"RxIRq":false,"Set1":false,"TimerIRq":false,"TxIRq":true,"level":"info","msg":"ToCard","time":"2016-09-21T22:45:56Z"}
{"index":1999,"level":"info","msg":"ToCard","time":"2016-09-21T22:45:56Z"}
{"addr":"0d","level":"info","msg":"Read","time":"2016-09-21T22:45:56Z","val":"07"}
{"addr":"0d","level":"info","msg":"Write","time":"2016-09-21T22:45:56Z","val":"07"}
{"level":"info","mask":"80","mask/write":"07","msg":"ClearBitMask","reg":"0d","time":"2016-09-21T22:45:56Z","value":"07","value/bitwise":"7f"}
{"addr":"06","level":"info","msg":"Read","time":"2016-09-21T22:45:56Z","val":"00"}
{"BufferOvfl":false,"ColErr":false,"CrcErr":false,"ParityErr":false,"ProtocolErr":false,"Reserved":false,"TempErr":false,"WrErr":false,"level":"info","msg":"ToCard","time":"2016-09-21T22:45:56Z"}
{"addr":"0a","level":"info","msg":"Read","time":"2016-09-21T22:45:56Z","val":"00"}
{"addr":"0c","level":"info","msg":"Read","time":"2016-09-21T22:45:56Z","val":"10"}
{"backLen":"00000000","fifoLevelValue":"00000000","lastBits":"00000010","level":"info","msg":"ToCard","time":"2016-09-21T22:45:56Z"}
{"addr":"09","level":"info","msg":"Read","time":"2016-09-21T22:45:56Z","val":"20"}
{"level":"info","msg":"ToCard","status":1,"time":"2016-09-21T22:45:56Z"}
